make all --print-data-base --no-builtin-variables --no-builtin-rules --question
# GNU Make 4.2.1
# Built for x86_64-pc-linux-gnu
# Copyright (C) 1988-2016 Free Software Foundation, Inc.
# License GPLv3+: GNU GPL version 3 or later <http://gnu.org/licenses/gpl.html>
# This is free software: you are free to change and redistribute it.
# There is NO WARRANTY, to the extent permitted by law.

# Make data base, printed on Fri May  6 16:58:00 2022

# Variables

# automatic
<D = $(patsubst %/,%,$(dir $<))
# automatic
?F = $(notdir $?)
# default
.SHELLFLAGS := -c
# environment
XDG_SESSION_CLASS = user
# environment
VSCODE_AGENT_FOLDER = /home/local/ADUNIPI/v.barra1/.vscode-server
# environment
XDG_SESSION_TYPE = tty
# environment
VSCODE_LOG_NATIVE = false
# automatic
?D = $(patsubst %/,%,$(dir $?))
# automatic
@D = $(patsubst %/,%,$(dir $@))
# automatic
@F = $(notdir $@)
# default
MAKE_VERSION := 4.2.1
# makefile
CURDIR := /home/local/ADUNIPI/v.barra1/Code/Progetto-PreAppello
# makefile
SHELL = /bin/sh
# environment
VSCODE_NLS_CONFIG = {"locale":"en","availableLanguages":{}}
# environment
_ = /home/local/ADUNIPI/v.barra1/.vscode-server/bin/57fd6d0195bb9b9d1b49f6da5db789060795de47/node
# makefile (from 'makefile', line 3)
CFLAGS = -g -Wall -I.
# makefile (from 'makefile', line 1)
MAKEFILE_LIST :=  makefile
# 'override' directive
GNUMAKEFLAGS := 
# environment
XDG_DATA_DIRS = /usr/local/share:/usr/share:/var/lib/snapd/desktop
# environment
DBUS_SESSION_BUS_ADDRESS = unix:path=/run/user/896248039/bus
# environment
VSCODE_VERBOSE_LOGGING = true
# environment
LESSOPEN = | /usr/bin/lesspipe %s
# environment
VSCODE_CWD = /home/local/ADUNIPI/v.barra1
# environment
SSH_CONNECTION = 131.114.192.226 60158 131.114.22.172 22
# environment
PATH = /home/local/ADUNIPI/v.barra1/.vscode-server/bin/57fd6d0195bb9b9d1b49f6da5db789060795de47/bin/remote-cli:/home/local/ADUNIPI/v.barra1/.local/bin:/usr/local/sbin:/usr/local/bin:/usr/sbin:/usr/bin:/sbin:/bin:/usr/games:/usr/local/games:/snap/bin
# environment
XDG_RUNTIME_DIR = /run/user/896248039
# environment
VSCODE_LOG_STACK = false
# environment
VSCODE_IPC_HOOK_CLI = /run/user/896248039/vscode-ipc-658ed623-a344-4ca0-b92d-0778f4fb6cef.sock
# makefile (from 'makefile', line 4)
LDLIBS = -pthread
# default
.FEATURES := target-specific order-only second-expansion else-if shortest-stem undefine oneshell archives jobserver output-sync check-symlink load
# environment
LS_COLORS = 
# automatic
%F = $(notdir $%)
# environment
VSCODE_PIPE_LOGGING = true
# environment
PWD = /home/local/ADUNIPI/v.barra1/Code/Progetto-PreAppello
# default
.LOADED := 
# automatic
*D = $(patsubst %/,%,$(dir $*))
# environment
VSCODE_AMD_ENTRYPOINT = vs/workbench/api/node/extensionHostProcess
# environment
HOME = /home/local/ADUNIPI/v.barra1
# environment
LESSCLOSE = /usr/bin/lesspipe %s %s
# environment
LOGNAME = v.barra1
# environment
APPLICATION_INSIGHTS_NO_DIAGNOSTIC_CHANNEL = true
# automatic
+F = $(notdir $+)
# environment
VSCODE_HANDLES_UNCAUGHT_ERRORS = true
# automatic
^D = $(patsubst %/,%,$(dir $^))
# environment
MAKELEVEL := 0
# default
MAKE = $(MAKE_COMMAND)
# default
MAKECMDGOALS := all
# environment
SHLVL = 0
# makefile (from 'makefile', line 2)
CC = gcc
# environment
XDG_SESSION_ID = 750
# environment
USER = v.barra1
# makefile
.DEFAULT_GOAL := all
# automatic
%D = $(patsubst %/,%,$(dir $%))
# default
MAKE_COMMAND := make
# environment
OLDPWD = /home/local/ADUNIPI/v.barra1/.vscode-server/bin/57fd6d0195bb9b9d1b49f6da5db789060795de47
# default
.VARIABLES := 
# automatic
*F = $(notdir $*)
# makefile
MAKEFLAGS = pqrR
# environment
MFLAGS = -pqrR
# environment
SSH_CLIENT = 131.114.192.226 60158 22
# makefile (from 'makefile', line 7)
MAIN = farm
# automatic
+D = $(patsubst %/,%,$(dir $+))
# environment
BROWSER = /home/local/ADUNIPI/v.barra1/.vscode-server/bin/57fd6d0195bb9b9d1b49f6da5db789060795de47/bin/helpers/browser.sh
# environment
VSCODE_HANDLES_SIGPIPE = true
# default
MAKEFILES := 
# automatic
<F = $(notdir $<)
# environment
LC_ALL = C
# automatic
^F = $(notdir $^)
# default
SUFFIXES := 
# default
.INCLUDE_DIRS = /usr/include /usr/local/include /usr/include
# default
.RECIPEPREFIX := 
# default
MAKE_HOST := x86_64-pc-linux-gnu
# environment
LANG = C
# environment
VSCODE_EXTHOST_WILL_SEND_SOCKET = true
# environment
MOTD_SHOWN = pam
# variable set hash-table stats:
# Load=75/1024=7%, Rehash=0, Collisions=11/110=10%

# Pattern-specific Variable Values

# No pattern-specific variable values.

# Directories

# . (device 64768, inode 5505980): 41 files, no impossibilities.

# 41 files, no impossibilities in 1 directories.

# Implicit Rules

# No implicit rules.

# Files

all: farm
#  Command line target.
#  Implicit rule search has been done.
#  File does not exist.
#  File has been updated.
#  Needs to be updated (-q is set).
# variable set hash-table stats:
# Load=0/32=0%, Rehash=0, Collisions=0/8=0%

.PHONY: test clean
#  Implicit rule search has not been done.
#  Modification time never checked.
#  File has not been updated.

boundedqueue:
#  Implicit rule search has not been done.
#  Implicit/static pattern stem: ''
#  File does not exist.
#  File has been updated.
#  Needs to be updated (-q is set).
# automatic
# @ := boundedqueue
# automatic
# % := 
# automatic
# * := 
# automatic
# + := 
# automatic
# | := 
# automatic
# < := 
# automatic
# ^ := 
# automatic
# ? := 
# variable set hash-table stats:
# Load=8/32=25%, Rehash=0, Collisions=1/18=6%
#  recipe to execute (from 'makefile', line 19):
	$(CC) $@.c -c $(CFLAGS) $(INCLUDES) $(OPTFLAGS) -o $@.o   $(LDLIBS)

# Not a target:
.SUFFIXES:
#  Implicit rule search has not been done.
#  Modification time never checked.
#  File has not been updated.

test: all
#  Phony target (prerequisite of .PHONY).
#  Implicit rule search has not been done.
#  File does not exist.
#  File has not been updated.
#  recipe to execute (from 'makefile', line 35):
	./test.sh

# Not a target:
makefile:
#  Implicit rule search has been done.
#  Last modified 2022-05-06 16:57:28.360773223
#  File has been updated.
#  Successfully updated.

testRNG: all generafile
#  Implicit rule search has not been done.
#  Modification time never checked.
#  File has not been updated.
#  recipe to execute (from 'makefile', line 31):
	./generafile RNGfile 100 
	./$(MAIN) ./RNGfile

# Not a target:
.DEFAULT:
#  Implicit rule search has not been done.
#  Modification time never checked.
#  File has not been updated.

# Not a target:
../Progetto-PreAppello/:
#  Implicit rule search has not been done.
#  Modification time never checked.
#  File has not been updated.

clean:
#  Phony target (prerequisite of .PHONY).
#  Implicit rule search has not been done.
#  File does not exist.
#  File has not been updated.
#  recipe to execute (from 'makefile', line 28):
	rm -f $(MAIN) *.o

farm: boundedqueue
#  Implicit rule search has not been done.
#  Last modified 2022-05-06 11:30:16.722321215
#  File has been updated.
#  Needs to be updated (-q is set).
# variable set hash-table stats:
# Load=0/32=0%, Rehash=0, Collisions=0/8=0%
#  recipe to execute (from 'makefile', line 15):
	$(CC) $@.c $(CFLAGS) $(INCLUDES) $(OPTFLAGS) -o $@ boundedqueue.o   $(LDLIBS)

generafile:
#  Implicit rule search has not been done.
#  Modification time never checked.
#  File has not been updated.
#  recipe to execute (from 'makefile', line 23):
	$(CC) $@.c $(CFLAGS) $(INCLUDES) $(OPTFLAGS) -o $@
	chmod +x ./generafile

compito: ../Progetto-PreAppello/
#  Implicit rule search has not been done.
#  Modification time never checked.
#  File has not been updated.
#  recipe to execute (from 'makefile', line 40):
 
	tar -czvf ../$@.tar.gz $^

# files hash-table stats:
# Load=13/1024=1%, Rehash=0, Collisions=1/37=3%
# VPATH Search Paths

# No 'vpath' search paths.

# No general ('VPATH' variable) search path.

# strcache buffers: 1 (0) / strings = 53 / storage = 567 B / avg = 10 B
# current buf: size = 8162 B / used = 567 B / count = 53 / avg = 10 B

# strcache performance: lookups = 77 / hit rate = 31%
# hash-table stats:
# Load=53/8192=1%, Rehash=0, Collisions=2/77=3%
# Finished Make data base on Fri May  6 16:58:00 2022

 
